<component name="libraryTable">
  <library name="junit-jupiter-api-5.6.2">
    <CLASSES>
      <root url="jar://$PROJECT_DIR$/../Junit jars/junit-jupiter-api-5.6.2.jar!/" />
      <root url="jar://$PROJECT_DIR$/../Junit jars/junit-jupiter-engine-5.6.2.jar!/" />
      <root url="jar://$PROJECT_DIR$/../Junit jars/junit-jupiter-migrationsupport-5.6.2.jar!/" />
      <root url="jar://$PROJECT_DIR$/../Junit jars/junit-jupiter-params-5.6.2.jar!/" />
      <root url="jar://$PROJECT_DIR$/../Junit jars/junit-platform-commons-1.6.2.jar!/" />
    </CLASSES>
    <JAVADOC />
    <SOURCES />
  </library>
</component>